<?xml version="1.0" encoding="UTF-8"?>
<!-- Generated by org.testng.reporters.JUnitReportReporter -->
<testsuite hostname="C20" name="org.b3log.symphony.util.MarkdownsTestCase" tests="8" failures="0" timestamp="14 Jun 2018 02:21:06 GMT" time="2.239" errors="0">
  <testcase name="linkToHTML" time="0.001" classname="org.b3log.symphony.util.MarkdownsTestCase"/>
  <testcase name="space" time="0.000" classname="org.b3log.symphony.util.MarkdownsTestCase"/>
  <testcase name="clean" time="1.947" classname="org.b3log.symphony.util.MarkdownsTestCase"/>
  <testcase name="jsoupParse" time="0.290" classname="org.b3log.symphony.util.MarkdownsTestCase"/>
  <testcase name="toHTML" time="0.000" classname="org.b3log.symphony.util.MarkdownsTestCase"/>
  <testcase name="toHTML1" time="0.001" classname="org.b3log.symphony.util.MarkdownsTestCase"/>
  <testcase name="toHtml0" time="0.000" classname="org.b3log.symphony.util.MarkdownsTestCase"/>
  <testcase name="tag" time="0.000" classname="org.b3log.symphony.util.MarkdownsTestCase"/>
</testsuite>
