<?xml version="1.0" encoding="UTF-8"?>
<!-- Generated by org.testng.reporters.JUnitReportReporter -->
<testsuite hostname="C20" name="org.b3log.symphony.util.RedditScoreTest" tests="1" failures="0" timestamp="14 Jun 2018 02:21:06 GMT" time="0.012" errors="0">
  <testcase name="redditScore" time="0.012" classname="org.b3log.symphony.util.RedditScoreTest"/>
</testsuite>
