<?xml version="1.0" encoding="UTF-8"?>
<!-- Generated by org.testng.reporters.JUnitReportReporter -->
<testsuite hostname="C20" name="org.b3log.symphony.util.PanguTestCase" tests="1" failures="0" timestamp="14 Jun 2018 02:21:06 GMT" time="0.019" errors="0">
  <testcase name="test" time="0.019" classname="org.b3log.symphony.util.PanguTestCase"/>
</testsuite>
