<?xml version="1.0" encoding="UTF-8"?>
<!-- Generated by org.testng.reporters.JUnitReportReporter -->
<testsuite hostname="C20" name="org.b3log.symphony.util.ElasticsearchTestCase" tests="2" failures="0" timestamp="14 Jun 2018 02:21:06 GMT" time="1.139" errors="0">
  <testcase name="QueryDslJSONBuilder" time="0.014" classname="org.b3log.symphony.util.ElasticsearchTestCase"/>
  <testcase name="QueryDslBuilder" time="1.125" classname="org.b3log.symphony.util.ElasticsearchTestCase"/>
</testsuite>
